<?xml version="1.0" encoding="UTF-8"?>
<testsuite name="org.fpm.di.Composertest.TestComposer" tests="4" skipped="0" failures="0" errors="0" timestamp="2021-11-20T12:08:05" hostname="rinkuro" time="0.026">
  <properties/>
  <testcase name="shouldReturnNotSame" classname="org.fpm.di.Composertest.TestComposer" time="0.021"/>
  <testcase name="shouldThrowRuntimeException" classname="org.fpm.di.Composertest.TestComposer" time="0.0"/>
  <testcase name="compoundInjection" classname="org.fpm.di.Composertest.TestComposer" time="0.001"/>
  <testcase name="singletonInjection" classname="org.fpm.di.Composertest.TestComposer" time="0.003"/>
  <system-out><![CDATA[]]></system-out>
  <system-err><![CDATA[]]></system-err>
</testsuite>
