<?xml version="1.0" encoding="UTF-8"?>
<testsuite name="org.fpm.di.exampleTest.Example" tests="4" skipped="0" failures="0" errors="0" timestamp="2021-11-25T08:19:42" hostname="rinkuro" time="0.034">
  <properties/>
  <testcase name="shouldInjectSingleton" classname="org.fpm.di.exampleTest.Example" time="0.028"/>
  <testcase name="shouldInjectPrototype" classname="org.fpm.di.exampleTest.Example" time="0.0"/>
  <testcase name="shouldBuildInjectionGraph" classname="org.fpm.di.exampleTest.Example" time="0.0"/>
  <testcase name="shouldBuildInjectDependencies" classname="org.fpm.di.exampleTest.Example" time="0.004"/>
  <system-out><![CDATA[]]></system-out>
  <system-err><![CDATA[]]></system-err>
</testsuite>
